<?xml version="1.0" encoding="UTF-8"?>
<testng-results skipped="0" failed="0" ignored="0" total="1" passed="1">
  <reporter-output>
  </reporter-output>
  <suite name="Default suite" duration-ms="8460" started-at="2017-08-18T04:12:22Z" finished-at="2017-08-18T04:12:31Z">
    <groups>
    </groups>
    <test name="Default test" duration-ms="8460" started-at="2017-08-18T04:12:22Z" finished-at="2017-08-18T04:12:31Z">
      <class name="sa.KeywardDriven.TestRunner">
        <test-method status="PASS" signature="test()[pri:0, instance:sa.KeywardDriven.TestRunner@5d5eef3d]" name="test" duration-ms="8441" started-at="2017-08-18T09:42:22Z" finished-at="2017-08-18T09:42:31Z">
          <reporter-output>
          </reporter-output>
        </test-method> <!-- test -->
      </class> <!-- sa.KeywardDriven.TestRunner -->
    </test> <!-- Default test -->
  </suite> <!-- Default suite -->
</testng-results>
